<?xml version="1.0" encoding="UTF-8"?>
<!-- Generated by org.testng.reporters.JUnitReportReporter -->
<testsuite hostname="Chayan-PC" failures="0" tests="1" name="com.qa.rest.tests.PostMethod" time="5.954" errors="0" timestamp="2020-06-17T15:06:06 EDT" skipped="0">
  <testcase classname="com.qa.rest.tests.PostMethod" name="posttest_2017" time="5.954"/>
  <system-out/>
</testsuite> <!-- com.qa.rest.tests.PostMethod -->
