<?xml version="1.0" encoding="UTF-8"?>
<!-- Generated by org.testng.reporters.JUnitReportReporter -->
<testsuite hostname="Chayan-PC" failures="0" tests="1" name="com.qa.rest.tests.GetCallBDD" time="6.777" errors="0" timestamp="2020-06-17T12:35:35 EDT" skipped="0">
  <testcase classname="com.qa.rest.tests.GetCallBDD" name="test_2017" time="6.777"/>
  <system-out/>
</testsuite> <!-- com.qa.rest.tests.GetCallBDD -->
