<?xml version="1.0" encoding="UTF-8"?>
<!-- Generated by org.testng.reporters.JUnitReportReporter -->
<testsuite hostname="Chayan-PC" failures="0" tests="1" name="com.qa.rest.tests.PutMethodBDD" time="7.479" errors="0" timestamp="2020-06-17T15:11:44 EDT" skipped="0">
  <testcase classname="com.qa.rest.tests.PutMethodBDD" name="puttest" time="7.479"/>
  <system-out/>
</testsuite> <!-- com.qa.rest.tests.PutMethodBDD -->
