<?xml version="1.0" encoding="UTF-8"?>
<!-- Generated by org.testng.reporters.JUnitReportReporter -->
<testsuite hostname="Chayan-PC" failures="0" tests="1" name="com.qa.rest.tests.DeleteMethodBDD" time="7.149" errors="0" timestamp="2020-06-17T15:15:13 EDT" skipped="0">
  <testcase classname="com.qa.rest.tests.DeleteMethodBDD" name="puttest" time="7.149"/>
  <system-out/>
</testsuite> <!-- com.qa.rest.tests.DeleteMethodBDD -->
