<?xml version="1.0" encoding="UTF-8"?>
<!-- Generated by org.testng.reporters.JUnitReportReporter -->
<testsuite hostname="Chayan-PC" failures="0" tests="6" name="com.qa.rest.tests.DataDrivenApi" time="3.094" errors="0" timestamp="2020-06-18T12:38:51 EDT" skipped="0">
  <testcase classname="com.qa.rest.tests.DataDrivenApi" name="deletetest" time="0.064"/>
  <system-out/>
  <testcase classname="com.qa.rest.tests.DataDrivenApi" name="posttest_2017" time="0.057"/>
  <system-out/>
  <testcase classname="com.qa.rest.tests.DataDrivenApi" name="deletetest" time="0.048"/>
  <system-out/>
  <testcase classname="com.qa.rest.tests.DataDrivenApi" name="deletetest" time="0.035"/>
  <system-out/>
  <testcase classname="com.qa.rest.tests.DataDrivenApi" name="deletetest" time="2.807"/>
  <system-out/>
  <testcase classname="com.qa.rest.tests.DataDrivenApi" name="posttest_2017" time="0.083"/>
  <system-out/>
</testsuite> <!-- com.qa.rest.tests.DataDrivenApi -->
